c:\users\liuru\onedrive\documents\github\practice\build\practice.dir\debug\practice.pdb
c:\users\liuru\onedrive\documents\github\practice\build\practice.dir\debug\leetcode_unionfindproblems.obj
c:\users\liuru\onedrive\documents\github\practice\build\practice.dir\debug\leetcode_dfs.obj
c:\users\liuru\onedrive\documents\github\practice\build\practice.dir\debug\leetcode_bfs.obj
c:\users\liuru\onedrive\documents\github\practice\build\practice.dir\debug\leetcode_hashproblems.obj
c:\users\liuru\onedrive\documents\github\practice\build\practice.dir\debug\leetcode_recursiveproblems.obj
c:\users\liuru\onedrive\documents\github\practice\build\practice.dir\debug\leetcode_treeproblems.obj
c:\users\liuru\onedrive\documents\github\practice\build\practice.dir\debug\leetcode_bitoperationproblems.obj
c:\users\liuru\onedrive\documents\github\practice\build\practice.dir\debug\leetcode_backtracingproblems.obj
c:\users\liuru\onedrive\documents\github\practice\build\practice.dir\debug\leetcode_greedyalgorithmproblems.obj
c:\users\liuru\onedrive\documents\github\practice\build\practice.dir\debug\leetcode_mathproblems.obj
c:\users\liuru\onedrive\documents\github\practice\build\practice.dir\debug\leetcode_stringproblems.obj
c:\users\liuru\onedrive\documents\github\practice\build\practice.dir\debug\leetcode_slidingwindowproblems.obj
c:\users\liuru\onedrive\documents\github\practice\build\practice.dir\debug\leetcode_linklistproblems.obj
c:\users\liuru\onedrive\documents\github\practice\build\practice.dir\debug\leetcode_graphproblems.obj
c:\users\liuru\onedrive\documents\github\practice\build\practice.dir\debug\leetcode_binarysearchproblem.obj
c:\users\liuru\onedrive\documents\github\practice\build\practice.dir\debug\leetcode_arrayproblems.obj
c:\users\liuru\onedrive\documents\github\practice\build\practice.dir\debug\lintcode.obj
c:\users\liuru\onedrive\documents\github\practice\build\cmakefiles\generate.stamp
c:\users\liuru\onedrive\documents\github\practice\build\practice.dir\debug\practice.tlog\cl.command.1.tlog
c:\users\liuru\onedrive\documents\github\practice\build\practice.dir\debug\practice.tlog\cl.read.1.tlog
c:\users\liuru\onedrive\documents\github\practice\build\practice.dir\debug\practice.tlog\cl.write.1.tlog
c:\users\liuru\onedrive\documents\github\practice\build\practice.dir\debug\practice.tlog\custombuild.command.1.tlog
c:\users\liuru\onedrive\documents\github\practice\build\practice.dir\debug\practice.tlog\custombuild.read.1.tlog
c:\users\liuru\onedrive\documents\github\practice\build\practice.dir\debug\practice.tlog\custombuild.write.1.tlog
