Performing C SOURCE FILE Test CMAKE_HAVE_LIBC_PTHREAD failed with the following output:
Change Dir: /home/ruiliu/Github/Practice_new/Practice/build/CMakeFiles/CMakeTmp

Run Build Command(s):/usr/bin/make cmTC_b3a63/fast && /usr/bin/make -f CMakeFiles/cmTC_b3a63.dir/build.make CMakeFiles/cmTC_b3a63.dir/build
make[1]: Entering directory '/home/ruiliu/Github/Practice_new/Practice/build/CMakeFiles/CMakeTmp'
Building C object CMakeFiles/cmTC_b3a63.dir/src.c.o
/bin/gcc-9   -DCMAKE_HAVE_LIBC_PTHREAD -fPIE   -o CMakeFiles/cmTC_b3a63.dir/src.c.o   -c /home/ruiliu/Github/Practice_new/Practice/build/CMakeFiles/CMakeTmp/src.c
Linking C executable cmTC_b3a63
/usr/bin/cmake -E cmake_link_script CMakeFiles/cmTC_b3a63.dir/link.txt --verbose=1
/bin/gcc-9  -DCMAKE_HAVE_LIBC_PTHREAD    -rdynamic CMakeFiles/cmTC_b3a63.dir/src.c.o  -o cmTC_b3a63 
/usr/bin/ld: CMakeFiles/cmTC_b3a63.dir/src.c.o: in function `main':
src.c:(.text+0x46): undefined reference to `pthread_create'
/usr/bin/ld: src.c:(.text+0x52): undefined reference to `pthread_detach'
/usr/bin/ld: src.c:(.text+0x63): undefined reference to `pthread_join'
collect2: error: ld returned 1 exit status
make[1]: *** [CMakeFiles/cmTC_b3a63.dir/build.make:87: cmTC_b3a63] Error 1
make[1]: Leaving directory '/home/ruiliu/Github/Practice_new/Practice/build/CMakeFiles/CMakeTmp'
make: *** [Makefile:121: cmTC_b3a63/fast] Error 2


Source file was:
#include <pthread.h>

void* test_func(void* data)
{
  return data;
}

int main(void)
{
  pthread_t thread;
  pthread_create(&thread, NULL, test_func, NULL);
  pthread_detach(thread);
  pthread_join(thread, NULL);
  pthread_atfork(NULL, NULL, NULL);
  pthread_exit(NULL);

  return 0;
}

Determining if the function pthread_create exists in the pthreads failed with the following output:
Change Dir: /home/ruiliu/Github/Practice_new/Practice/build/CMakeFiles/CMakeTmp

Run Build Command(s):/usr/bin/make cmTC_b6d1c/fast && /usr/bin/make -f CMakeFiles/cmTC_b6d1c.dir/build.make CMakeFiles/cmTC_b6d1c.dir/build
make[1]: Entering directory '/home/ruiliu/Github/Practice_new/Practice/build/CMakeFiles/CMakeTmp'
Building C object CMakeFiles/cmTC_b6d1c.dir/CheckFunctionExists.c.o
/bin/gcc-9   -DCHECK_FUNCTION_EXISTS=pthread_create -fPIE   -o CMakeFiles/cmTC_b6d1c.dir/CheckFunctionExists.c.o   -c /usr/share/cmake-3.16/Modules/CheckFunctionExists.c
Linking C executable cmTC_b6d1c
/usr/bin/cmake -E cmake_link_script CMakeFiles/cmTC_b6d1c.dir/link.txt --verbose=1
/bin/gcc-9  -DCHECK_FUNCTION_EXISTS=pthread_create    -rdynamic CMakeFiles/cmTC_b6d1c.dir/CheckFunctionExists.c.o  -o cmTC_b6d1c  -lpthreads 
/usr/bin/ld: cannot find -lpthreads
collect2: error: ld returned 1 exit status
make[1]: *** [CMakeFiles/cmTC_b6d1c.dir/build.make:87: cmTC_b6d1c] Error 1
make[1]: Leaving directory '/home/ruiliu/Github/Practice_new/Practice/build/CMakeFiles/CMakeTmp'
make: *** [Makefile:121: cmTC_b6d1c/fast] Error 2



Performing C SOURCE FILE Test CMAKE_HAVE_LIBC_PTHREAD failed with the following output:
Change Dir: /home/ruiliu/Github/Practice_new/Practice/build/CMakeFiles/CMakeTmp

Run Build Command(s):/usr/bin/ninja cmTC_c4a76 && [1/2] Building C object CMakeFiles/cmTC_c4a76.dir/src.c.o
[2/2] Linking C executable cmTC_c4a76
FAILED: cmTC_c4a76 
: && /bin/gcc-9 -DCMAKE_HAVE_LIBC_PTHREAD  -rdynamic CMakeFiles/cmTC_c4a76.dir/src.c.o  -o cmTC_c4a76   && :
/usr/bin/ld: CMakeFiles/cmTC_c4a76.dir/src.c.o: in function `main':
src.c:(.text+0x46): undefined reference to `pthread_create'
/usr/bin/ld: src.c:(.text+0x52): undefined reference to `pthread_detach'
/usr/bin/ld: src.c:(.text+0x63): undefined reference to `pthread_join'
collect2: error: ld returned 1 exit status
ninja: build stopped: subcommand failed.


Source file was:
#include <pthread.h>

void* test_func(void* data)
{
  return data;
}

int main(void)
{
  pthread_t thread;
  pthread_create(&thread, NULL, test_func, NULL);
  pthread_detach(thread);
  pthread_join(thread, NULL);
  pthread_atfork(NULL, NULL, NULL);
  pthread_exit(NULL);

  return 0;
}

Determining if the function pthread_create exists in the pthreads failed with the following output:
Change Dir: /home/ruiliu/Github/Practice_new/Practice/build/CMakeFiles/CMakeTmp

Run Build Command(s):/usr/bin/ninja cmTC_071cd && [1/2] Building C object CMakeFiles/cmTC_071cd.dir/CheckFunctionExists.c.o
[2/2] Linking C executable cmTC_071cd
FAILED: cmTC_071cd 
: && /bin/gcc-9 -DCHECK_FUNCTION_EXISTS=pthread_create  -rdynamic CMakeFiles/cmTC_071cd.dir/CheckFunctionExists.c.o  -o cmTC_071cd  -lpthreads && :
/usr/bin/ld: cannot find -lpthreads
collect2: error: ld returned 1 exit status
ninja: build stopped: subcommand failed.



